<?xml version="1.0" encoding="UTF-8"?>
<!-- Generated by org.testng.reporters.JUnitXMLReporter -->
<testsuite hostname="Chan.local" name="Admin sanity Test Suite" tests="11" failures="0" timestamp="1 Jul 2016 10:51:14 GMT" time="37.548" errors="0">
  <testcase name="testMethod on [SampleTestClass passed=0 failed=0 skipped=0]" time="0.076" classname="uitests.smoke.SampleTestClass"/>
  <testcase name="testMethod11 on [SampleTestClass passed=0 failed=0 skipped=0]" time="0.042" classname="uitests.smoke.SampleTestClass"/>
  <testcase name="testMethod12 on [SampleTestClass passed=0 failed=0 skipped=0]" time="0.052" classname="uitests.smoke.SampleTestClass"/>
  <testcase name="testMethod13 on [SampleTestClass passed=0 failed=0 skipped=0]" time="0.055" classname="uitests.smoke.SampleTestClass"/>
  <testcase name="testMethod15 on [SampleTestClass passed=0 failed=0 skipped=0]" time="0.046" classname="uitests.smoke.SampleTestClass"/>
  <testcase name="testMethod1 on [chancreated passed=0 failed=0 skipped=0]" time="0.035" classname="uitests.smoke.chancreated"/>
  <testcase name="testMethod2 on [chancreated passed=0 failed=0 skipped=0]" time="0.053" classname="uitests.smoke.chancreated"/>
  <testcase name="testMethod3 on [chancreated passed=0 failed=0 skipped=0]" time="0.042" classname="uitests.smoke.chancreated"/>
  <testcase name="testMethod4 on [chancreated passed=0 failed=0 skipped=0]" time="0.031" classname="uitests.smoke.chancreated"/>
  <testcase name="testMethod5 on [chancreated passed=0 failed=0 skipped=0]" time="0.031" classname="uitests.smoke.chancreated"/>
  <testcase name="testMethod6 on [chancreated passed=0 failed=0 skipped=0]" time="0.034" classname="uitests.smoke.chancreated"/>
</testsuite> <!-- Admin sanity Test Suite -->
