<?xml version="1.0" encoding="UTF-8"?>
<!-- Generated by org.testng.reporters.JUnitXMLReporter -->
<testsuite hostname="Chan.local" name="Admin sanity Test Suite" tests="11" failures="0" timestamp="29 Jun 2016 05:49:23 GMT" time="33.753" errors="0">
  <testcase name="testMethod1 on [chancreated passed=0 failed=0 skipped=0]" time="0.288" classname="uitests.smoke.chancreated"/>
  <testcase name="testMethod on [SampleTestClass passed=0 failed=0 skipped=0]" time="0.2" classname="uitests.smoke.SampleTestClass"/>
  <testcase name="testMethod11 on [SampleTestClass passed=0 failed=0 skipped=0]" time="0.069" classname="uitests.smoke.SampleTestClass"/>
  <testcase name="testMethod2 on [chancreated passed=0 failed=0 skipped=0]" time="0.107" classname="uitests.smoke.chancreated"/>
  <testcase name="testMethod12 on [SampleTestClass passed=0 failed=0 skipped=0]" time="0.075" classname="uitests.smoke.SampleTestClass"/>
  <testcase name="testMethod3 on [chancreated passed=0 failed=0 skipped=0]" time="0.049" classname="uitests.smoke.chancreated"/>
  <testcase name="testMethod4 on [chancreated passed=0 failed=0 skipped=0]" time="0.116" classname="uitests.smoke.chancreated"/>
  <testcase name="testMethod13 on [SampleTestClass passed=0 failed=0 skipped=0]" time="0.124" classname="uitests.smoke.SampleTestClass"/>
  <testcase name="testMethod5 on [chancreated passed=0 failed=0 skipped=0]" time="0.055" classname="uitests.smoke.chancreated"/>
  <testcase name="testMethod15 on [SampleTestClass passed=0 failed=0 skipped=0]" time="0.051" classname="uitests.smoke.SampleTestClass"/>
  <testcase name="testMethod6 on [chancreated passed=0 failed=0 skipped=0]" time="0.058" classname="uitests.smoke.chancreated"/>
</testsuite> <!-- Admin sanity Test Suite -->
