<?xml version="1.0" encoding="UTF-8" ?>
<testsuite tests="11" failures="0" name="TestSuite" time="26.474" errors="0" skipped="0">
  <properties>
[...]
</properties>
  <testcase classname="uitests.smoke.SampleTestClass" name="testMethod on [SampleTestClass passed=0 failed=0 skipped=0]" time="0.037"/>
  <testcase classname="uitests.smoke.SampleTestClass" name="testMethod11 on [SampleTestClass passed=0 failed=0 skipped=0]" time="0.046"/>
  <testcase classname="uitests.smoke.SampleTestClass" name="testMethod12 on [SampleTestClass passed=0 failed=0 skipped=0]" time="0.042"/>
  <testcase classname="uitests.smoke.SampleTestClass" name="testMethod13 on [SampleTestClass passed=0 failed=0 skipped=0]" time="0.043"/>
  <testcase classname="uitests.smoke.SampleTestClass" name="testMethod15 on [SampleTestClass passed=0 failed=0 skipped=0]" time="0.044"/>
  <testcase classname="uitests.smoke.chancreated" name="testMethod1 on [chancreated passed=0 failed=0 skipped=0]" time="0.049"/>
  <testcase classname="uitests.smoke.chancreated" name="testMethod2 on [chancreated passed=0 failed=0 skipped=0]" time="0.046"/>
  <testcase classname="uitests.smoke.chancreated" name="testMethod3 on [chancreated passed=0 failed=0 skipped=0]" time="0.049"/>
  <testcase classname="uitests.smoke.chancreated" name="testMethod4 on [chancreated passed=0 failed=0 skipped=0]" time="0.042"/>
  <testcase classname="uitests.smoke.chancreated" name="testMethod5 on [chancreated passed=0 failed=0 skipped=0]" time="0.046"/>
  <testcase classname="uitests.smoke.chancreated" name="testMethod6 on [chancreated passed=0 failed=0 skipped=0]" time="0.035"/>
</testsuite>